Log started at 18.10.2022	18:09:23
Number of used processors (NPROC): 16.
Number of mesh partitions (NPART): 16.
Total Physical Memory = 31.75 Gb, Available Physical Memory = 14.68 Gb
Computer name:	DESKTOP-6946C8R
Operating system:	Windows 10 (or higher) (Version 10.0.22000)

SOLIDWORKS 2022 SP2.0
Flow Simulation 2022  x64 / 5593

Project: C:\Users\siemy\OneDrive - The University of Texas at Austin\Documents\GitHub\BME214L\Lab1\2\2.xmlconfig
Configuration name: Default
Project name: Project(1)
Problem type: internal-type
Exclude cavities without flow conditions: ON
NGK: OFF
MBO: OFF
-----------------------------------------------------------------------
Mesher option run = eRunMesherNormal
-----------------------------------------------------------------------

Mesh generation started:	18.10.2022	18:9:23
-----------------------------------------------------------------------
Memory Working Set Current = 18.29 Mb, Memory Working Set Peak = 18.29 Mb
Process Threads Number: 7
-----------------------------------------------------------------------
Mesher adjust APD = OFF; AdjustAPD_method=0; N_per_Channel = 0; N2_per_Channel = 0
Current CPU = 0 sec
-----------------------------------------------------------------------
Geometries initialization:
-----------------------------------------------------------------------
Loading mesh settings (global/local)...
-----------------------------------------------------------------------
Number of geometries from DB: 1
Geometry(0):
	Guid = {00000000-0000-0000-0000-000000000000}
	Fluid..
	1 Body.
	1 Real body.
	-- Bodyset 0 --
		Tolerance=4.71645e-06.
		27 Face(s).
			27 of b-spline type.
		0 Face(s) that have no ref faces
		9 Plane surface(s).
		5 Cylinder surface(s).
		1 Cone surface(s).
		2 Sphere surface(s).
		4 Torus surface(s).
		2 B- surface(s).
		4 Blending surface(s).
		16696 Triangle(s).
		Getting triangle connectivities from DB: 0.002 s
		37 Edge(s).
			37 of b-spline type.
		BodyGeom reading: 0.014 s.
		16684 Reference Triangles.
		Getting triangle connectivities from DB (Ref): 0.001 s
		BodyGeom Ref reading: 0.002 s.
Geometry(1):
	Solid.
	-- Bodyset 1 --
	Empty
-----------------------------------------------------------------------
Number of geometries in task: 2
Number of bodysets   in task: 2
-----------------------------------------------------------------------
BodySet (0):
	Making hash and connectivity for Bodyset ...
		CBodyGeom:
		Hash size: {16, 64, 8}.
		Mesh size: {16, 32, 2}.
		Hashing triangles...Ok.
			axis(0) tr sizes: average=104 max=978
			axis(1) tr sizes: average=198 max=1062
			axis(2) tr sizes: average=55 max=1555
		Number of t-connected sets:2 (cavity=1)
		CBodyGeomRef:
		Hashing triangles...Ok.
			axis(0) tr sizes: average=499 max=2459
			axis(1) tr sizes: average=696 max=2195
			axis(2) tr sizes: average=227 max=1368
	0.0249 s.
Geometries reading and preparing has taken 0.050 s.
-----------------------------------------------------------------------
Mapped triangles:
Hashing rough geometry(bodies) triangulation:
BodySet (0):
	Triangles num=16696
	Triangles box={-0.022718 ,0.022718 ,-0.0696844 ,0.0228119 ,-0.004227 ,0.004227}
		3d-hash size is 152888 bytes
BodySet (1):
Empty

Hashing peculiar surfaces triangles:
Surface triangles (0):
	Triangles num=41
	Triangles box={-0.00398826 ,0.004 ,-0.0695 ,-0.0695 ,-0.00399706 ,0.00399706}
		3d-hash size is 4544 bytes
Surface triangles (1):
	Triangles num=33
	Triangles box={-0.0226194 ,-0.0190919 ,0.0190999 ,0.0226274 ,-0.00249717 ,0.00249717}
		3d-hash size is 4404 bytes
Surface triangles (2):
	Triangles num=33
	Triangles box={0.0190919 ,0.0226194 ,0.0190999 ,0.0226274 ,-0.00249717 ,0.00249717}
		3d-hash size is 4404 bytes

Mapped triangles processed in 0.035 s.
-----------------------------------------------------------------------
-----------------------------------------------------------------------
Getting sectors:
Number of sectors: 0
-----------------------------------------------------------------------
-----------------------------------------------------------------------

Current CPU = 0 sec
-----------------------------------------------------------------------
Memory Working Set Current = 34.55 Mb, Memory Working Set Peak = 38.95 Mb
Process Threads Number: 22
-----------------------------------------------------------------------
-----------------------------------------------------------------------
Checking faces on CD...
FCD = [0 0 0 0 0 0]
FCD_conflicts = 0
Time (check faces on CD)=0.000 s
-----------------------------------------------------------------------

-----------------------------------------------------------------------
Mesh dimensions:
				I[0 ]=16
				I[1 ]=32
				I[2 ]=2

Comp. domain size:
				a[0  ]=-0.0226727
				a[1  ]=0.0226727
				a[2  ]=-0.0695921
				a[3  ]=0.0227195
				a[4  ]=-0.004216
				a[5  ]=0.004216

Fluid calculated			1
Solid calculated			0
-----------------------------------------------------------------------
MESH Build started...
-----------------------------------------------------------------------
Mesh LEVEL = 2
-----------------------------------------------------------------------
-----------------------------------------------------------------------
CPT-mode xeps:
	D / dh / eps [axis=0] = (0.0453453, 0.000708298, 7.08298e-07)
	D / dh / eps [axis=1] = (0.0923117, 0.000720989, 7.20989e-07)
	D / dh / eps [axis=2] = (0.008432, 0.00105376, 1.05376e-06)
-----------------------------------------------------------------------
Initial allocation and brick-body-box intersection...OK (0.000 s)
Initial triangle brick intersection...OK (0.000 s)
Setting regions (1024 / 1024)...OK (0.000 s)
-----------------------------------------------------------------------
Base mesh info:
	3D task
	Nx=16
	Ny=32
	Nz=2
	N(Nx*Ny*Nz) = 512
	Period    axis=[0, 0, 0]
	Symmetry  ni=[0 0 0 0 0 0]
	ZoomingBC ni=[0 0 0 0 0 0]
	Nx=16
		x[0]=-0.0226727
		x[1]=-0.0198377
		x[2]=-0.0170036
		x[3]=-0.0141695
		x[4]=-0.0113354
		x[5]=-0.00850136
		x[6]=-0.00566728
		x[7]=-0.00283319
		x[8]=8.90074e-07
		x[9]=0.00283497
		x[10]=0.00566906
		x[11]=0.00850314
		x[12]=0.0113372
		x[13]=0.0141713
		x[14]=0.0170054
		x[15]=0.0198395
		x[16]=0.0226727
	Ny=32
		y[0]=-0.0695921
		y[1]=-0.0667066
		y[2]=-0.0638219
		y[3]=-0.0609371
		y[4]=-0.0580524
		y[5]=-0.0551676
		y[6]=-0.0522829
		y[7]=-0.0493982
		y[8]=-0.0465134
		y[9]=-0.0436287
		y[10]=-0.0407439
		y[11]=-0.0378592
		y[12]=-0.0349745
		y[13]=-0.0320897
		y[14]=-0.029205
		y[15]=-0.0263202
		y[16]=-0.0234355
		y[17]=-0.0205508
		y[18]=-0.017666
		y[19]=-0.0147813
		y[20]=-0.0118965
		y[21]=-0.00901181
		y[22]=-0.00612707
		y[23]=-0.00324233
		y[24]=-0.00035759
		y[25]=0.00252715
		y[26]=0.00541189
		y[27]=0.00829663
		y[28]=0.0111814
		y[29]=0.0140661
		y[30]=0.0169508
		y[31]=0.0198356
		y[32]=0.0227195
	Nz=2
		z[0]=-0.004216
		z[1]=9.70769e-07
		z[2]=0.004216
-----------------------------------------------------------------------
Input_mesh_settings--------------------------------
Settings 0----------------
	Scope: GLOBAL
	Type:	------MESHER_SETTINGS----------
	RefAllCells           =0
	RefFluidCells         =0
	RefPartCells          =0
	RefSolidCells         =0
	l_SSFR(Capture crit)  =2
	l_curv(Curvature crit)=0
	l_tol(Tolerance crit) =2
	  k_tol               =0.001265
	UseChannelRef         =1
	  NCR_method          =0
	  l_NCR               =2
	  N_gap               =5
	  Use d_NCR_min       =0
	  Use d_NCR_max       =0
	CloseThinSlotsHeight         =0
	--END_OF_MESHER_SETTINGS-------
End of input mesh settings-------------------------
-----------------------------------------------------------------------
Memory Working Set Current = 35.13 Mb, Memory Working Set Peak = 38.95 Mb
Process Threads Number: 22
-----------------------------------------------------------------------
MMP (msh): locals=1, allc_sz=0.16 MB, used_sz=0.13 MB, blks-min-max=7/7
MMP (brx): locals=13, allc_sz=0.28 MB, used_sz=0.12 MB, blks-min-max=1/2
MMP (bcf): locals=0, allc_sz=0.00 MB, used_sz=0.00 MB, blks-min-max=0/0
MMP (xsl): locals=0, allc_sz=0.00 MB, used_sz=0.00 MB, blks-min-max=0/0
NxNyNz = [16, 32, 2]
base_dx=0.00331161; 
NxNyNz_reverse = [14, 28, 3]

-----------------------------------------------------------------------
Refining geometries:
-----------------------------------------------------------------------

-----------------------------------------------------------------------
Refining by triangulation...
Refinement input: 1024 bricks
	Checking crit (1024 / 1024)...44 marked (0.040 s)
	Time(refinement): 0.000 s
Setting regions (352 / 1332)...OK (0.000 s)
	Checking crit (352 / 1332)...0 marked (0.011 s)
Refinement result: 1332 bricks (0.052 s)
Refinement input: 1332 bricks
	Checking crit (1332 / 1332)...0 marked (0.000 s)
Refinement result: 1332 bricks (0.000 s)
Collecting and processing rays:
	Adding rays...OK (0.000 s)
	new bricks = 1332 / 1332
	new rays   = 994 (x=166, y=165, z=663)
	Processing rays...
		Rays process:  0.005 (0.005) s
		Sort xstacks:  0.000 (0.000) s
		Put xstacks:   0.000 (0.000) s
		Total:         0.006 s
	Correcting rays...
		Lame vertices: 0.000 (0.000) s
		Bad rays:      0.000 (0.000) s
		Emit rays:     0.000 (0.000) s
		Correct ray f: 0.000 (0.000) s
		Undef:         0.000 (0.000) s
		Sum:           0.000 (0.000) s
		Total:         0.000 s
	Time (rays): 0.007 s
Capturing (1332 / 1332)...OK (0.000 s)
Refining by triangulation takes 0.061 s
-----------------------------------------------------------------------

-----------------------------------------------------------------------
Refining peculiar surfaces...
Refinement input: 1332 bricks
	Time(refinement): 0.000 s
Setting regions (16 / 1346)...OK (0.000 s)
Refinement result: 1346 bricks (0.001 s)
Refinement input: 1346 bricks
	Time(refinement): 0.000 s
Setting regions (16 / 1360)...OK (0.000 s)
Refinement result: 1360 bricks (0.000 s)
2 surfaces refined
Refining peculiar surfaces takes 0.001 s
-----------------------------------------------------------------------
Collecting and processing rays:
	Adding rays...OK (0.000 s)
	new bricks = 32 / 1360
	new rays   = 6 (x=0, y=0, z=6)
	Processing rays...
		Rays process:  0.000 (0.000) s
		Sort xstacks:  0.000 (0.000) s
		Put xstacks:   0.000 (0.000) s
		Total:         0.000 s
	Correcting rays...
		Lame vertices: 0.000 (0.000) s
		Bad rays:      0.000 (0.000) s
		Emit rays:     0.000 (0.000) s
		Correct ray f: 0.000 (0.000) s
		Undef:         0.000 (0.000) s
		Sum:           0.000 (0.000) s
		Total:         0.000 s
	Time (rays): 0.001 s
Capturing (32 / 1360)...OK (0.000 s)

-----------------------------------------------------------------------
Base mesh 1 Refining...
Collecting and processing rays:
	Adding rays...OK (0.000 s)
	new bricks = 0 / 1360
	new rays   = 0 (x=0, y=0, z=0)
	Processing rays...
		Rays process:  0.000 (0.000) s
		Sort xstacks:  0.000 (0.000) s
		Put xstacks:   0.000 (0.000) s
		Total:         0.000 s
	Correcting rays...
		Total:         0.000 s
	Time (rays): 0.001 s
Capturing (0 / 1360)...OK (0.000 s)
Refinement input: 1360 bricks
	Checking crit (1360 / 1360)...0 marked (0.000 s)
Refinement result: 1360 bricks (0.000 s)
-----------------------------------------------------------------------
Refining channels...
FYI: CNarrowChannelRefiner::RefineChannels_PRLL
Refinement input: 1360 bricks
	Time(refinement): 0.000 s
Setting regions (2192 / 3278)...OK (0.000 s)
Refinement result: 3278 bricks (0.001 s)
Collecting and processing rays:
	Adding rays...OK (0.000 s)
	new bricks = 2192 / 3278
	new rays   = 587 (x=159, y=0, z=428)
	Processing rays...
		Rays process:  0.001 (0.001) s
		Sort xstacks:  0.000 (0.000) s
		Put xstacks:   0.000 (0.000) s
		Total:         0.002 s
	Correcting rays...
		Lame vertices: 0.000 (0.000) s
		Bad rays:      0.000 (0.000) s
		Emit rays:     0.000 (0.000) s
		Correct ray f: 0.000 (0.000) s
		Undef:         0.000 (0.000) s
		Sum:           0.000 (0.000) s
		Total:         0.001 s
	Time (rays): 0.003 s
Capturing (2192 / 3278)...OK (0.000 s)
FYI: m_iteration_count = 0
FYI: level1 statistics:
     level1_cnt_plus[1]=2192;		level1_cnt_minus[1]=0
     level1_cnt_plus[2]=0;		level1_cnt_minus[2]=0
     level1_cnt_plus[3]=0;		level1_cnt_minus[3]=0
     level1_cnt_plus[4]=0;		level1_cnt_minus[4]=0
     level1_cnt_plus[5]=0;		level1_cnt_minus[5]=0
     level1_cnt_plus[6]=0;		level1_cnt_minus[6]=0
     level1_cnt_plus[7]=0;		level1_cnt_minus[7]=0
     level1_cnt_plus[8]=0;		level1_cnt_minus[8]=0
     level1_cnt_plus[9]=0;		level1_cnt_minus[9]=0
FYI: m_iteration_count = 1
FYI: level1 statistics:
     level1_cnt_plus[1]=2192;		level1_cnt_minus[1]=0
     level1_cnt_plus[2]=0;		level1_cnt_minus[2]=0
     level1_cnt_plus[3]=0;		level1_cnt_minus[3]=0
     level1_cnt_plus[4]=0;		level1_cnt_minus[4]=0
     level1_cnt_plus[5]=0;		level1_cnt_minus[5]=0
     level1_cnt_plus[6]=0;		level1_cnt_minus[6]=0
     level1_cnt_plus[7]=0;		level1_cnt_minus[7]=0
     level1_cnt_plus[8]=0;		level1_cnt_minus[8]=0
     level1_cnt_plus[9]=0;		level1_cnt_minus[9]=0
Refinement input: 3278 bricks
	Time(refinement): 0.001 s
Setting regions (11528 / 13365)...OK (0.000 s)
Refinement result: 13365 bricks (0.002 s)
Collecting and processing rays:
	Adding rays...OK (0.001 s)
	new bricks = 11528 / 13365
	new rays   = 2800 (x=836, y=404, z=1560)
	Processing rays...
		Rays process:  0.005 (0.005) s
		Sort xstacks:  0.000 (0.000) s
		Put xstacks:   0.001 (0.001) s
		Total:         0.007 s
	Correcting rays...
		Lame vertices: 0.001 (0.001) s
		Bad rays:      0.000 (0.000) s
		Emit rays:     0.000 (0.000) s
		Correct ray f: 0.000 (0.000) s
		Undef:         0.000 (0.000) s
		Sum:           0.001 (0.001) s
		Total:         0.002 s
	Time (rays): 0.010 s
Capturing (11528 / 13365)...OK (0.001 s)
FYI: m_iteration_count = 2
FYI: level1 statistics:
     level1_cnt_plus[1]=3703;		level1_cnt_minus[1]=0
     level1_cnt_plus[2]=8904;		level1_cnt_minus[2]=0
     level1_cnt_plus[3]=0;		level1_cnt_minus[3]=0
     level1_cnt_plus[4]=0;		level1_cnt_minus[4]=0
     level1_cnt_plus[5]=0;		level1_cnt_minus[5]=0
     level1_cnt_plus[6]=0;		level1_cnt_minus[6]=0
     level1_cnt_plus[7]=0;		level1_cnt_minus[7]=0
     level1_cnt_plus[8]=0;		level1_cnt_minus[8]=0
     level1_cnt_plus[9]=0;		level1_cnt_minus[9]=0
Refinement input: 13365 bricks
	Time(refinement): 0.000 s
Setting regions (24 / 13386)...OK (0.000 s)
Refinement result: 13386 bricks (0.001 s)
Collecting and processing rays:
	Adding rays...OK (0.000 s)
	new bricks = 24 / 13386
	new rays   = 0 (x=0, y=0, z=0)
	Processing rays...
		Rays process:  0.000 (0.000) s
		Sort xstacks:  0.000 (0.000) s
		Put xstacks:   0.000 (0.000) s
		Total:         0.000 s
	Correcting rays...
		Total:         0.000 s
	Time (rays): 0.001 s
Capturing (24 / 13386)...OK (0.000 s)
FYI: m_iteration_count = 3
FYI: level1 statistics:
     level1_cnt_plus[1]=3700;		level1_cnt_minus[1]=0
     level1_cnt_plus[2]=8928;		level1_cnt_minus[2]=0
     level1_cnt_plus[3]=0;		level1_cnt_minus[3]=0
     level1_cnt_plus[4]=0;		level1_cnt_minus[4]=0
     level1_cnt_plus[5]=0;		level1_cnt_minus[5]=0
     level1_cnt_plus[6]=0;		level1_cnt_minus[6]=0
     level1_cnt_plus[7]=0;		level1_cnt_minus[7]=0
     level1_cnt_plus[8]=0;		level1_cnt_minus[8]=0
     level1_cnt_plus[9]=0;		level1_cnt_minus[9]=0
FYI: m_iteration_count = 4
FYI: level1 statistics:
     level1_cnt_plus[1]=3700;		level1_cnt_minus[1]=0
     level1_cnt_plus[2]=8928;		level1_cnt_minus[2]=0
     level1_cnt_plus[3]=0;		level1_cnt_minus[3]=0
     level1_cnt_plus[4]=0;		level1_cnt_minus[4]=0
     level1_cnt_plus[5]=0;		level1_cnt_minus[5]=0
     level1_cnt_plus[6]=0;		level1_cnt_minus[6]=0
     level1_cnt_plus[7]=0;		level1_cnt_minus[7]=0
     level1_cnt_plus[8]=0;		level1_cnt_minus[8]=0
     level1_cnt_plus[9]=0;		level1_cnt_minus[9]=0
FYI: level1 statistics:
     level1_cnt_plus[1]=3700;		level1_cnt_minus[1]=0
     level1_cnt_plus[2]=8928;		level1_cnt_minus[2]=0
     level1_cnt_plus[3]=0;		level1_cnt_minus[3]=0
     level1_cnt_plus[4]=0;		level1_cnt_minus[4]=0
     level1_cnt_plus[5]=0;		level1_cnt_minus[5]=0
     level1_cnt_plus[6]=0;		level1_cnt_minus[6]=0
     level1_cnt_plus[7]=0;		level1_cnt_minus[7]=0
     level1_cnt_plus[8]=0;		level1_cnt_minus[8]=0
     level1_cnt_plus[9]=0;		level1_cnt_minus[9]=0

-----------------------------------------------------------------------
U-shapes refinement...
Refinement input: 13386 bricks
	Checking crit (1882 / 13386)...0 marked (0.001 s)
Refinement result: 13386 bricks (0.001 s)
Collecting and processing rays:
	Adding rays...OK (0.000 s)
	new bricks = 0 / 13386
	new rays   = 0 (x=0, y=0, z=0)
	Processing rays...
		Rays process:  0.000 (0.000) s
		Sort xstacks:  0.000 (0.000) s
		Put xstacks:   0.000 (0.000) s
		Total:         0.000 s
	Correcting rays...
		Total:         0.000 s
	Time (rays): 0.000 s
Capturing (0 / 13386)...OK (0.000 s)
-----------------------------------------------------------------------

-----------------------------------------------------------------------
Equi Distant Refiner:
Equi Distant Refiner takes 0.00 s
-----------------------------------------------------------------------

/-Ray Intersection---------------/ Time	0.114 s
Calls                4387
CorrectRay Calls     0



-----------------------------------------------------------------------
Refining geometries takes 0.207 s
-----------------------------------------------------------------------
-----------------------------------------------------------------------
Memory Working Set Current = 51.09 Mb, Memory Working Set Peak = 57.55 Mb
Process Threads Number: 22
-----------------------------------------------------------------------
Defect ray count	0
FYI: CNarrowChannelRefiner::RedistributeLevel1_step_1: is finished
FYI: level1 statistics:
     level1_cnt_plus[1]=1276;		level1_cnt_minus[1]=0
     level1_cnt_plus[2]=11352;		level1_cnt_minus[2]=0
     level1_cnt_plus[3]=0;		level1_cnt_minus[3]=0
     level1_cnt_plus[4]=0;		level1_cnt_minus[4]=0
     level1_cnt_plus[5]=0;		level1_cnt_minus[5]=0
     level1_cnt_plus[6]=0;		level1_cnt_minus[6]=0
     level1_cnt_plus[7]=0;		level1_cnt_minus[7]=0
     level1_cnt_plus[8]=0;		level1_cnt_minus[8]=0
     level1_cnt_plus[9]=0;		level1_cnt_minus[9]=0
FYI: CNarrowChannelRefiner::RedistributeLevel1_step_2: is started
FYI: CNarrowChannelRefiner::RedistributeLevel1_step_2: is finished
FYI: level1 statistics:
     level1_cnt_plus[1]=1292;		level1_cnt_minus[1]=0
     level1_cnt_plus[2]=11352;		level1_cnt_minus[2]=0
     level1_cnt_plus[3]=0;		level1_cnt_minus[3]=0
     level1_cnt_plus[4]=0;		level1_cnt_minus[4]=0
     level1_cnt_plus[5]=0;		level1_cnt_minus[5]=0
     level1_cnt_plus[6]=0;		level1_cnt_minus[6]=0
     level1_cnt_plus[7]=0;		level1_cnt_minus[7]=0
     level1_cnt_plus[8]=0;		level1_cnt_minus[8]=0
     level1_cnt_plus[9]=0;		level1_cnt_minus[9]=0
FYI: CNarrowChannelRefiner::RedistributeLevel1_step_3: is started
FYI: CNarrowChannelRefiner::RedistributeLevel1_step_3: is finished
RedistributeLevel1 takes:
FYI: level1 statistics:
     level1_cnt_plus[1]=1292;		level1_cnt_minus[1]=0
     level1_cnt_plus[2]=11352;		level1_cnt_minus[2]=0
     level1_cnt_plus[3]=0;		level1_cnt_minus[3]=0
     level1_cnt_plus[4]=0;		level1_cnt_minus[4]=0
     level1_cnt_plus[5]=0;		level1_cnt_minus[5]=0
     level1_cnt_plus[6]=0;		level1_cnt_minus[6]=0
     level1_cnt_plus[7]=0;		level1_cnt_minus[7]=0
     level1_cnt_plus[8]=0;		level1_cnt_minus[8]=0
     level1_cnt_plus[9]=0;		level1_cnt_minus[9]=0
-----------------------------------------------------------------------
MSH format builder (Iteration 0)
-----------------------------------------------------------------------
Memory Working Set Current = 52.34 Mb, Memory Working Set Peak = 59.09 Mb
Process Threads Number: 22
-----------------------------------------------------------------------
Total bricks count: 13386
-----------------------------------------------------------------------
MSH (Real Geometry) format constructor:
	Geom    Count = 2
	Bodyset Count = 2
	3D task
	Getting brick sets...OK (0.000 s)

	Min x-stack xeps = 0.000113121
	D / dh / eps [axis=0] = (0.0453453, 0.000708298, 7.08298e-07)
	D / dh / eps [axis=1] = (0.0923117, 0.000720989, 7.20989e-07)
	D / dh / eps [axis=2] = (0.008432, 0.00105376, 1.05376e-06)
	Time (xeps): 0.000 s
Level 2
	Set (0)  size: 5752
	Set (0)  time: 0.024 s
	Set (1)  size: 5752
	Set (1)  time: 0.024 s
Level 1
	Set (0)  size: 593
	Set (0)  time: 0.000 s
	Set (1)  size: 593
	Set (1)  time: 0.000 s
Level 0
	Set (0)  size: 348
	Set (0)  time: 0.000 s
	Set (1)  size: 348
	Set (1)  time: 0.000 s

	Spread npq bricks...0 marked (0.000 s)

Result:
	Bricks number:                        13386

	Memory usage:                         3.209 MB
	Memory usage (per brick):             0.245 KB
	Construction time:                    0.052 s

	Topology features:
	------------------
	- High quality bricks                  100.00 % (13386)
	- Medium quality bricks                  0.00 % (0)
	- Bad quality bricks                     0.00 % (0)
	- NPQ bricks                             0.00 % (0)
	- Type-1 bricks                         42.01 % (5624)
	- Ribs corrected bricks                  0.00 % (0)
	- Points with geom-info (bricks)         0.00 % (0)
	- Points with closest-info (bricks)      0.00 % (0)
	- Triangulated by center (bricks)        0.00 % (0)
	- Facet w-faces mergings (bricks)        0.00 % (0)
	- To refine (bricks)                     0.00 % (0)
	- Points-count                           0.00 % (0)
	- T-self-intersection-all (bricks)       0.00 % (0)
	- T-self-intersection-simple (bricks)    0.00 % (0)
	- T-self-intersection-complex (bricks)   0.00 % (0)
	- NPQ by reason 1 u-shape                0.00 % (0)
	- NPQ by reason 2 tri-by-ctr             0.00 % (0)
	- NPQ by reason 3 ray-correction         0.00 % (0)
	- NPQ by reason 4 t-self-intersection    0.00 % (0)
	- NPQ by reason 5 non-good               0.00 % (0)
	- NPQ by reason 6 npq-worker             0.00 % (0)

-----------------------------------------------------------------------
Memory Working Set Current = 64.56 Mb, Memory Working Set Peak = 64.56 Mb
Process Threads Number: 22
-----------------------------------------------------------------------
-----------------------------------------------------------------------
msh-iterations: 1
-----------------------------------------------------------------------
high---q-brick-count = 100.00 % (13386 13386)
medium-q-brick-count =   0.00 % (13386 0)
bad----q-brick-count =   0.00 % (13386 0)
np-----q-brick-count =   0.00 % (13386 0)
-----------------------------------------------------------------------
Free brick parser storage...OK(0.002 s)
-----------------------------------------------------------------------
Memory Working Set Current = 62.88 Mb, Memory Working Set Peak = 65.52 Mb
Process Threads Number: 22
-----------------------------------------------------------------------
-----------------------------------------------------------------------
MSH --> BCF format (Iteration 0)...
BCF collector...(remove mode=0)
	Time (alloc counter per brick): 0.000 s
	Brick    count: 13386
	Av.f all count: 8766
	Av.s all count: 10244
	Av.f pid count: 5624
	Av.s pid count: 5624
	Faces fs count: 8994
	Faces ff count: 0
	Faces ss count: 0
	Faces bb count: 0
	Faces fe count: 0
	Faces se count: 4876
	Faces fw count: 13870
	Faces af count: 23786
	Faces as count: 27623
	Time (all count): 	0.001 s
	Time (bcf alloc): 	0.001 s
	Time (shifts alloc): 	0.000 s
	Time (shifts init): 	0.000 s
	Time (bcf fill): 	0.003 s
	Time (add av to faces): 0.000 s
	Time (add faces to av): 0.001 s
Time (bcf collect): 		0.008 s
	AV checker...
	Time (check av): 	0.002 s
	Subdomain checker...
		Subdomains construction time: 0.002 s.
		Subdomains sort time: 0.000 s.
			Subdomain 0 (geom_ind=0): 8766 av
			Subdomain 1 (geom_ind=1): 10244 av
		gi: 0, real bodies: 1
		gi: 0, subdomains:  1
		gi: 1, real bodies: 0
		gi: 1, subdomains:  1
		Defect subdomains: 0
	Time (check subdoms): 	0.002 s
Time (bcf iteration total): 	0.012 s
	Time (fw-nb): 		0.000 s
	Fixed mutual fw-nb:     3640 (bb: 0)
	Time (fw-nb mutual): 	0.001 s
	Time (fw-nb sort): 	0.000 s
	Fw-opt BEFORE total:    13870 (fs=8994, ff=0, ss=0)
	Fw-opt AFTER  total:    11000 (fs=6124, ff=0, ss=0, failed fw/br=0/0, big_curv=2, big_poly=0)
	Fw-opt RESULT:          2870 (res/(fs+ff+ss) = 31.91 %)
	Time (fw-opt): 		0.001 s
	Time (fw-re-order): 	0.001 s
	Time (fw-nb): 		0.003 s
	Fixed mutual fw-nb:     22320 (bb: 0)
	Time (fw-nb mutual): 	0.001 s
	Time (fw-nb sort): 	0.000 s
	Time (rfd fix): 	0.000 s
	Time (av convexity): 	0.001 s
	Time (av small volume): 0.000 s
	Time (diagonal fw-nb): 	0.005 s
	Fixed mutual fw-nb:     0 (bb: 0)
	Time (fw-nb mutual): 	0.001 s
	Time (fw-nb sort): 	0.000 s
	Fluid subdomains: 1
	Faces fw-nb diff sd:    0
	Time (fw-nb diff sd): 	0.001 s
Time (bcf calc): 		0.017 s
-----------------------------------------------------------------------
Time (bcf total): 		0.030 s
-----------------------------------------------------------------------
-----------------------------------------------------------------------
Mega-cv constructor for fluid...
	 0 av's is treated as thin
Relative size generator (threshold = 0.05)...
	Iteration 1 (small cluster count = 278)
	Iteration 2 (small cluster count = 134)
	Iteration 3 (small cluster count = 37)
	Iteration 4 (small cluster count = 5)
	Iteration 5 (small cluster count = 0)
	 270 mega-cv's generated
	 5 mega-cv's removed
Relative size generator is completed OK (0.001 s)
Apply fa-rules to mega-cv clusters fixes...
OK (0.000 s)
Convert clusters:
	 265 mega-cv's total
Mega-cv count: 265
Time (mega-cv fill): 	0.000 s
Time (mega-cv total): 	0.005 s
-----------------------------------------------------------------------
Mixing plane rotation regions: NO.
Sliding mesh rotation regions: NO.
Fluid/fluid faces: NO.
-----------------------------------------------------------------------
Memory Working Set Current = 72.86 Mb, Memory Working Set Peak = 72.86 Mb
Process Threads Number: 22
-----------------------------------------------------------------------
----------------------------------------------------------
BCF --> BCF.GEOMSUBDOM (bridge arrays):
MESH (0):
	Fluid Subdom Constructor: 1 subdom(s).
	Solid Subdom Constructor: 1 subdom(s).
	Net Asm Subdom Constructor: 0 subdom(s).
	GEOMSUBDOM (0): gi=0 fluid av=8766 cv=8488 fa=23786 fb=0 fw=6124 V=4.361831e-06
	Cache data...OK
	GEOMSUBDOM (1): gi=1 solid av=10244 cv=10244 fa=27623 fb=0 fw=11000 V=3.093370e-05
	Cache data...OK
	Setting nb of w-faces...OK (0.001 s).
	Correcting nb of w-faces...
	Time(correct_fw_nb)=0.001 s

MESH (0) checking:
	GEOMSUBDOM (0):fa_s=0.0137569328532326 fb_s=0.0000000000000000 fw_s=0.0026328101777540 fw_nb=49000
	              :d_const(8342)=7.71093e-12 d_linear(8342)=3.69526e-11
	GEOMSUBDOM (1):fa_s=0.0361541192411533 fb_s=0.0000000000000000 fw_s=0.0133260659339724 fw_nb=69148
	              :d_const(10014)=4.47143e-12 d_linear(10221)=1.53007e-11
MESH (0) checking: OK.
Time (MDS): 	0.017 s
----------------------------------------------------------
-----------------------------------------------------------------------
Memory Working Set Current = 78.65 Mb, Memory Working Set Peak = 78.65 Mb
Process Threads Number: 22
-----------------------------------------------------------------------

-----------------------------------------------------------------------
BCF CHECKSUM DATA (Mesh 0):

BRICK |Level1| Sum:               23996
FACE_A Area Sum:   G.Fluid        0.0137569328532326
FACE_A Area Sum:   G.Solid        0.0361541192411533
FACE_W Area Sum:                  0.0133260659339724
FACE_W Nb   Sum:                  69148
FACE_W min curvatures sum:        -1911726.55809021
FACE_W max curvatures sum:        81080.13100568
AV Max Disbalance(Const) :        7.71093e-12 (cid=6649, t={60, 125, 1}, avid=4367, pid=2798)
AV Max Disbalance(Linear):        3.69526e-11 (cid=6649, t={60, 125, 1}, avid=4367, pid=2798)
-----------------------------------------------------------------------


-----------------------------------------------------------------------
MESHER TOPOLOGY DATA:

BRICKS: Total                 13386
BRICKS: Fluid                 8766
BRICKS: Fluid Partial         5624
BRICKS: Type 1                5624
BRICKS: Max AV number         2

AV:     G.Total               19010
AV:     G.Fluid               8766
AV:     G.Solid               10244

AV:     G.Fluid Thin Profile    0.00 % (0)
AV:     G.Solid Thin Profile    0.00 % (0)

AV:     G.Fluid Thin For Mega   0.00 % (0)
AV:     G.Solid Thin For Mega   0.00 % (0)

AV:     G.Fluid Non-Convex     12.41 % (1088)
AV:     G.Solid Non-Convex      9.80 % (1004)

AV:     G.Fluid Non-Ess-Convex      2.08 % (182)
AV:     G.Solid Non-Ess-Convex      3.16 % (324)

FACE_A: G.Fluid          (af) 23786 (partially opened 11250)
FACE_A: G.Solid          (as) 27623 (partially opened 11250)

FACE_B: G.Total          (b)  0

FACE_W: G.Total                 11000       Brick/Bound
FACE_W: G.Fluid/Solid    (fs_g) 6124        0           
FACE_W: G.Fluid/Fluid    (ff_g) 0           0           
FACE_W: G.Solid/Solid    (ss_g) 0           0           
FACE_W: G.Fluid/External (fe_g) 0
FACE_W: G.Solid/External (se_g) 4876

AV/CV max fa count (on brick side):4
AV/CV max fw count:                4
AV/CV max fb count:                0
AV/CV max fw poly count:           12

MEMORY: Total                   6.674 MB
MEMORY: Per Brick               0.511 KB
-----------------------------------------------------------------------

-----------------------------------------------------------------------
Connectivities information:
	Number of conns: 0
-----------------------------------------------------------------------
	Time (gap size): 	0.006 s
-----------------------------------------------------------------------
Memory Working Set Current = 79.67 Mb, Memory Working Set Peak = 79.67 Mb
Process Threads Number: 22
-----------------------------------------------------------------------
-----------------------------------------------------------------------
Calculating curvature and tolerance criteria...
Curvature: min=0 (cid=0) max=1.57101 (cid=6641)
Tolerance: min=0 (cid=0) max=0.0005306 (cid=6434)
Calculating curvature and tolerance criteria takes 0.030 s
-----------------------------------------------------------------------
MESH Build(FS) finished. Time=0.523 s
-----------------------------------------------------------------------
Current CPU = 1 sec

Nx=16
Ny=32
Nz=2
Max BRICK Level=2
Mesh Level=2
-----------------CModelBodies2MeshMapper::CollectData started -------------------------------
	Time (collect mesh base data): 0.001 s.
	Time (collect model bodies mapping): 0.000 s.
	Time (collect positive bodies mapping): 0.000 s.
	Time (collect fluid bodies mapping): 0.001 s.
-----------------CModelBodies2MeshMapper Report -------------------------------
FluidDomains 1 SolidDomains 1 VoidDomains 0 
Domains RefIndexes
----------------- -------------------------------
	ModelBodies
Total resolved Bodies 0 BodySets 0

--------------------------------------------------------------------------
	Positive geometry Bodies
Total resolved Bodies 1 BodySets 1
BodySet 0
	Bodies list:
			#0	Name: ;	ID: 9324fb94-ff32-4fd7-ba66-7af4d49fecf8
	Domains list:		 0 

--------------------------------------------------------------------------
	Fluid regions
Total resolved Bodies 1 BodySets 1
BodySet 0	Material: Blood; 
	Bodies list:
			#0	Name: ;	ID: 9324fb94-ff32-4fd7-ba66-7af4d49fecf8
	Domains list:		 0 

--------------------------------------------------------------------------
Collect data takes...0.002 s
-----------------CModelBodies2MeshMapper::CollectData finished successfully-------------------
Saving initial mesh in: C:\Users\siemy\OneDrive - The University of Texas at Austin\Documents\GitHub\BME214L\Lab1\2\2.fld .
Storing results...
	Estimated CPT size=3.367 MB.
	Time (write bcf): 0.160 s
Storing results takes 0.168 s
-----------------------------------------------------------------------
Memory Working Set Current = 80.00 Mb, Memory Working Set Peak = 80.62 Mb
Process Threads Number: 22
-----------------------------------------------------------------------
Cleaning memory...
-----------------------------------------------------------------------
Start to free mesher data...
MMP (msh): locals=16, allc_sz=2.22 MB, used_sz=1.85 MB, blks-min-max=3/10
MMP (brx): locals=16, allc_sz=7.46 MB, used_sz=6.75 MB, blks-min-max=8/12
MMP (bcf): locals=16, allc_sz=11.75 MB, used_sz=10.98 MB, blks-min-max=6/44
MMP (xsl): locals=16, allc_sz=0.71 MB, used_sz=0.53 MB, blks-min-max=2/3
Free xsl...            OK	Time=0.000 s
Free ray collector...  OK	Time=0.000 s
Free ray intersector...OK	Time=0.000 s
Free body sets...      OK	Time=0.003 s
Free Geometry DB takes 0.000 s
Free mesh conn...      OK	Time=0.000 s
Free geomsd...         OK	Time=0.000 s
Free mbricks...        OK	Time=0.000 s
Free hash info...      OK	Time=0.000 s
Free bricks-x...       OK	Time=0.000 s
Free bcf...            OK	Time=0.001 s
Free mesh h...         OK	Time=0.000 s
Free bricks arr..      OK	Time=0.000 s
Free bricks tree...    OK	Time=0.000 s
Free mesh pools...     OK	Time=0.003 s
Free bodies mapper...  OK	Time=0.000 s
Free geom crits...     OK	Time=0.000 s
Free cpt regions...    OK	Time=0.000 s
Free peculiar surfs... OK	Time=0.000 s
Free sw-geometries...  OK	Time=0.000 s
Total free mesher data time: 0.009 s
-----------------------------------------------------------------------
Copying... OK
Mesh generation normally finished at	18.10.2022	18:9:24
Mesher CPU = 1 sec
Mesher is finished at	18.10.2022	18:9:24
-----------------------------------------------------------------------
Memory Working Set Current = 41.60 Mb, Memory Working Set Peak = 80.96 Mb
Process Threads Number: 22
-----------------------------------------------------------------------
Algebra Pool      : mem_usage = 0.38 Mb, allocated count = 0
-----------------------------------------------------------------------
Memory Working Set Current = 41.27 Mb, Memory Working Set Peak = 80.96 Mb
Process Threads Number: 22
-----------------------------------------------------------------------
Log ended at 18.10.2022	18:09:24
